<?xml version="1.0" encoding="UTF-8"?>
<!-- Generated by org.testng.reporters.JUnitReportReporter -->
<testsuite hostname="LAPTOP-K4D5TS6P" failures="0" tests="1" name="FirstTest.SampleOne" time="89.802" errors="0" timestamp="24 Sep 2022 15:40:47 GMT" skipped="0">
  <testcase classname="FirstTest.SampleOne" name="openB_TC_001" time="89.802"/>
</testsuite> <!-- FirstTest.SampleOne -->
